<?xml version="1.0" encoding="UTF-8"?>
<testsuite xmlns:xsi="http://www.w3.org/2001/XMLSchema-instance" xsi:noNamespaceSchemaLocation="https://maven.apache.org/surefire/maven-surefire-plugin/xsd/surefire-test-report.xsd" name="com.foodconnect.demo.serviceimpl.CustomerServiceIMPLTest" time="9.481" tests="3" errors="0" skipped="0" failures="0">
  <properties>
[...]
</properties>
  <testcase name="testGetAllCustomer" classname="com.foodconnect.demo.serviceimpl.CustomerServiceIMPLTest" time="0.112"/>
  <testcase name="testUpdateByCustomerId" classname="com.foodconnect.demo.serviceimpl.CustomerServiceIMPLTest" time="0.06"/>
  <testcase name="testSaveCustomer" classname="com.foodconnect.demo.serviceimpl.CustomerServiceIMPLTest" time="0.01"/>
</testsuite>